make.exe --dry-run --always-make --keep-going --print-directory
make: Entering directory '/cygdrive/d/zx-projects/undefiller'
rm -f build/part.preballs*
 
fatal: not a git repository (or any of the parent directories): .git

fatal: not a git repository (or any of the parent directories): .git

printf "\033[32mCompiling 'part.preballs'\033[0m\n"
echo build/preballs.bin
echo build/part.preballs.bin
mkdir -p build
 
sjasmplus --fullpath --color=off \
	-DSNA_FILENAME=\"build/part.preballs-20220814-.sna\" \
	-DBIN_FILENAME=\"build/part.preballs.bin\" \
	part.preballs/main.asm
cp --force build/part.preballs-20220814-.sna C:\Temp
printf "\033[32mdone\033[0m\n\n"
printf "\033[32mBuilding 'build/part.preballs.bin.zx0'\033[0m\n"
rm -f build/part.preballs.bin.zx0
zx0 build/part.preballs.bin
printf "\033[32mdone\033[0m\n\n"
 
rm -f build/part.balls*
 
fatal: not a git repository (or any of the parent directories): .git

fatal: not a git repository (or any of the parent directories): .git

printf "\033[32mCompiling 'part.balls'\033[0m\n"
echo build/balls.bin
echo build/part.balls.bin
mkdir -p build
 
sjasmplus --fullpath --color=off \
	-DSNA_FILENAME=\"build/part.balls-20220814-.sna\" \
	-DBIN_FILENAME=\"build/part.balls.bin\" \
	part.balls/main.asm
cp --force build/part.balls-20220814-.sna C:\Temp
printf "\033[32mdone\033[0m\n\n"
printf "\033[32mBuilding 'build/part.balls.bin.zx0'\033[0m\n"
rm -f build/part.balls.bin.zx0
zx0 build/part.balls.bin
printf "\033[32mdone\033[0m\n\n"
 
fatal: not a git repository (or any of the parent directories): .git

fatal: not a git repository (or any of the parent directories): .git

printf "\033[32mBuilding 'undefiller'\033[0m\n"
rm -f build/*.trd
 
rm -f build/*.tap
rm -f build/*.c
rm -f build/.bintap-out
sjasmplus --fullpath --color=off --inc=src/. \
	-DSNA_FILENAME=\"build/undefiller-20220814-.sna\" \
	-DTRD_FILENAME=\"build/undefiller.trd\" \
	src/main.asm
cp --force build/undefiller-20220814-.sna C:\Temp
printf "\033[32mDone\033[0m\n"
rm clean-part.preballs clean-part.balls
make: Leaving directory '/cygdrive/d/zx-projects/undefiller'
 
